<?xml version="1.0" encoding="UTF-8"?>
<testsuite xmlns:xsi="http://www.w3.org/2001/XMLSchema-instance" xsi:noNamespaceSchemaLocation="https://maven.apache.org/surefire/maven-surefire-plugin/xsd/surefire-test-report.xsd" name="org.acme.quickstart.GreetingResourceTest" time="3.633" tests="1" errors="0" skipped="0" failures="0">
  <properties>
    <property name="awt.toolkit" value="sun.awt.X11.XToolkit"/>
    <property name="jdk.extensions.version" value="8.0.222.0"/>
    <property name="file.encoding.pkg" value="sun.io"/>
    <property name="java.specification.version" value="1.8"/>
    <property name="sun.jnu.encoding" value="UTF-8"/>
    <property name="java.class.path" value="/root/quarkus/target/test-classes:/root/quarkus/target/classes:/root/.m2/repository/io/quarkus/quarkus-resteasy/0.20.0/quarkus-resteasy-0.20.0.jar:/root/.m2/repository/io/quarkus/quarkus-undertow/0.20.0/quarkus-undertow-0.20.0.jar:/root/.m2/repository/io/quarkus/quarkus-arc/0.20.0/quarkus-arc-0.20.0.jar:/root/.m2/repository/io/quarkus/arc/arc/0.20.0/arc-0.20.0.jar:/root/.m2/repository/io/undertow/undertow-servlet/2.0.21.Final/undertow-servlet-2.0.21.Final.jar:/root/.m2/repository/io/undertow/undertow-core/2.0.21.Final/undertow-core-2.0.21.Final.jar:/root/.m2/repository/org/jboss/spec/javax/servlet/jboss-servlet-api_4.0_spec/1.0.0.Final/jboss-servlet-api_4.0_spec-1.0.0.Final.jar:/root/.m2/repository/org/jboss/xnio/xnio-nio/3.7.2.Final/xnio-nio-3.7.2.Final.jar:/root/.m2/repository/org/jboss/xnio/xnio-api/3.7.2.Final/xnio-api-3.7.2.Final.jar:/root/.m2/repository/org/eclipse/microprofile/context-propagation/microprofile-context-propagation-api/1.0-RC1/microprofile-context-propagation-api-1.0-RC1.jar:/root/.m2/repository/javax/enterprise/cdi-api/2.0.SP1/cdi-api-2.0.SP1.jar:/root/.m2/repository/javax/el/javax.el-api/3.0.0/javax.el-api-3.0.0.jar:/root/.m2/repository/javax/interceptor/javax.interceptor-api/1.2/javax.interceptor-api-1.2.jar:/root/.m2/repository/io/quarkus/quarkus-resteasy-server-common/0.20.0/quarkus-resteasy-server-common-0.20.0.jar:/root/.m2/repository/io/quarkus/quarkus-resteasy-common/0.20.0/quarkus-resteasy-common-0.20.0.jar:/root/.m2/repository/org/jboss/resteasy/resteasy-core/4.1.1.Final/resteasy-core-4.1.1.Final.jar:/root/.m2/repository/org/jboss/spec/javax/ws/rs/jboss-jaxrs-api_2.1_spec/1.0.2.Final/jboss-jaxrs-api_2.1_spec-1.0.2.Final.jar:/root/.m2/repository/org/jboss/spec/javax/xml/bind/jboss-jaxb-api_2.3_spec/1.0.1.Final/jboss-jaxb-api_2.3_spec-1.0.1.Final.jar:/root/.m2/repository/org/jboss/resteasy/resteasy-core-spi/4.1.1.Final/resteasy-core-spi-4.1.1.Final.jar:/root/.m2/repository/org/reactivestreams/reactive-streams/1.0.2/reactive-streams-1.0.2.jar:/root/.m2/repository/org/jboss/resteasy/resteasy-context-propagation/4.1.1.Final/resteasy-context-propagation-4.1.1.Final.jar:/root/.m2/repository/io/smallrye/smallrye-context-propagation/1.0.7/smallrye-context-propagation-1.0.7.jar:/root/.m2/repository/io/smallrye/smallrye-context-propagation-api/1.0.7/smallrye-context-propagation-api-1.0.7.jar:/root/.m2/repository/com/sun/activation/jakarta.activation/1.2.1/jakarta.activation-1.2.1.jar:/root/.m2/repository/javax/validation/validation-api/2.0.1.Final/validation-api-2.0.1.Final.jar:/root/.m2/repository/io/quarkus/quarkus-jaxb/0.20.0/quarkus-jaxb-0.20.0.jar:/root/.m2/repository/io/quarkus/quarkus-junit5/0.20.0/quarkus-junit5-0.20.0.jar:/root/.m2/repository/io/quarkus/quarkus-bootstrap-core/0.20.0/quarkus-bootstrap-core-0.20.0.jar:/root/.m2/repository/org/apache/maven/maven-embedder/3.5.4/maven-embedder-3.5.4.jar:/root/.m2/repository/org/apache/maven/maven-settings/3.5.4/maven-settings-3.5.4.jar:/root/.m2/repository/org/apache/maven/maven-core/3.5.4/maven-core-3.5.4.jar:/root/.m2/repository/org/apache/maven/maven-artifact/3.5.4/maven-artifact-3.5.4.jar:/root/.m2/repository/org/apache/maven/maven-plugin-api/3.5.4/maven-plugin-api-3.5.4.jar:/root/.m2/repository/org/apache/maven/maven-model/3.5.4/maven-model-3.5.4.jar:/root/.m2/repository/org/apache/maven/maven-model-builder/3.5.4/maven-model-builder-3.5.4.jar:/root/.m2/repository/org/apache/maven/maven-builder-support/3.5.4/maven-builder-support-3.5.4.jar:/root/.m2/repository/org/apache/maven/resolver/maven-resolver-api/1.1.1/maven-resolver-api-1.1.1.jar:/root/.m2/repository/org/apache/maven/resolver/maven-resolver-util/1.1.1/maven-resolver-util-1.1.1.jar:/root/.m2/repository/org/apache/maven/shared/maven-shared-utils/3.2.1/maven-shared-utils-3.2.1.jar:/root/.m2/repository/commons-io/commons-io/2.5/commons-io-2.5.jar:/root/.m2/repository/com/google/inject/guice/4.2.0/guice-4.2.0-no_aop.jar:/root/.m2/repository/aopalliance/aopalliance/1.0/aopalliance-1.0.jar:/root/.m2/repository/com/google/guava/guava/27.0.1-jre/guava-27.0.1-jre.jar:/root/.m2/repository/com/google/guava/failureaccess/1.0.1/failureaccess-1.0.1.jar:/root/.m2/repository/com/google/guava/listenablefuture/9999.0-empty-to-avoid-conflict-with-guava/listenablefuture-9999.0-empty-to-avoid-conflict-with-guava.jar:/root/.m2/repository/com/google/code/findbugs/jsr305/3.0.2/jsr305-3.0.2.jar:/root/.m2/repository/org/checkerframework/checker-qual/2.5.2/checker-qual-2.5.2.jar:/root/.m2/repository/com/google/errorprone/error_prone_annotations/2.2.0/error_prone_annotations-2.2.0.jar:/root/.m2/repository/com/google/j2objc/j2objc-annotations/1.1/j2objc-annotations-1.1.jar:/root/.m2/repository/org/codehaus/mojo/animal-sniffer-annotations/1.17/animal-sniffer-annotations-1.17.jar:/root/.m2/repository/javax/annotation/jsr250-api/1.0/jsr250-api-1.0.jar:/root/.m2/repository/org/codehaus/plexus/plexus-utils/3.0.24/plexus-utils-3.0.24.jar:/root/.m2/repository/org/codehaus/plexus/plexus-classworlds/2.5.2/plexus-classworlds-2.5.2.jar:/root/.m2/repository/org/eclipse/sisu/org.eclipse.sisu.plexus/0.3.3/org.eclipse.sisu.plexus-0.3.3.jar:/root/.m2/repository/org/codehaus/plexus/plexus-component-annotations/1.7.1/plexus-component-annotations-1.7.1.jar:/root/.m2/repository/commons-cli/commons-cli/1.4/commons-cli-1.4.jar:/root/.m2/repository/org/apache/maven/maven-settings-builder/3.5.4/maven-settings-builder-3.5.4.jar:/root/.m2/repository/org/codehaus/plexus/plexus-interpolation/1.24/plexus-interpolation-1.24.jar:/root/.m2/repository/org/sonatype/plexus/plexus-sec-dispatcher/1.4/plexus-sec-dispatcher-1.4.jar:/root/.m2/repository/org/sonatype/plexus/plexus-cipher/1.4/plexus-cipher-1.4.jar:/root/.m2/repository/org/apache/maven/maven-resolver-provider/3.5.4/maven-resolver-provider-3.5.4.jar:/root/.m2/repository/org/apache/maven/maven-repository-metadata/3.5.4/maven-repository-metadata-3.5.4.jar:/root/.m2/repository/org/apache/maven/resolver/maven-resolver-spi/1.1.1/maven-resolver-spi-1.1.1.jar:/root/.m2/repository/org/apache/maven/resolver/maven-resolver-impl/1.1.1/maven-resolver-impl-1.1.1.jar:/root/.m2/repository/org/apache/maven/resolver/maven-resolver-connector-basic/1.1.1/maven-resolver-connector-basic-1.1.1.jar:/root/.m2/repository/org/apache/maven/resolver/maven-resolver-transport-file/1.1.1/maven-resolver-transport-file-1.1.1.jar:/root/.m2/repository/org/apache/maven/resolver/maven-resolver-transport-http/1.1.1/maven-resolver-transport-http-1.1.1.jar:/root/.m2/repository/org/slf4j/jcl-over-slf4j/1.7.25/jcl-over-slf4j-1.7.25.jar:/root/.m2/repository/org/jboss/logging/jboss-logging/3.3.2.Final/jboss-logging-3.3.2.Final.jar:/root/.m2/repository/io/quarkus/quarkus-test-common/0.20.0/quarkus-test-common-0.20.0.jar:/root/.m2/repository/io/quarkus/quarkus-core-deployment/0.20.0/quarkus-core-deployment-0.20.0.jar:/root/.m2/repository/commons-beanutils/commons-beanutils/1.9.3/commons-beanutils-1.9.3.jar:/root/.m2/repository/commons-collections/commons-collections/3.2.2/commons-collections-3.2.2.jar:/root/.m2/repository/org/jboss/invocation/jboss-invocation/1.5.2.Final/jboss-invocation-1.5.2.Final.jar:/root/.m2/repository/org/jboss/classfilewriter/jboss-classfilewriter/1.2.4.Final/jboss-classfilewriter-1.2.4.Final.jar:/root/.m2/repository/io/quarkus/gizmo/gizmo/1.0.0.Alpha6/gizmo-1.0.0.Alpha6.jar:/root/.m2/repository/org/ow2/asm/asm-util/7.1/asm-util-7.1.jar:/root/.m2/repository/org/ow2/asm/asm-tree/7.1/asm-tree-7.1.jar:/root/.m2/repository/org/ow2/asm/asm-analysis/7.1/asm-analysis-7.1.jar:/root/.m2/repository/org/ow2/asm/asm/7.1/asm-7.1.jar:/root/.m2/repository/io/quarkus/quarkus-builder/0.20.0/quarkus-builder-0.20.0.jar:/root/.m2/repository/io/quarkus/quarkus-jsonp-deployment/0.20.0/quarkus-jsonp-deployment-0.20.0.jar:/root/.m2/repository/io/quarkus/quarkus-jsonp/0.20.0/quarkus-jsonp-0.20.0.jar:/root/.m2/repository/org/glassfish/javax.json/1.1.4/javax.json-1.1.4.jar:/root/.m2/repository/org/jboss/jandex/2.1.1.Final/jandex-2.1.1.Final.jar:/root/.m2/repository/org/junit/jupiter/junit-jupiter-api/5.5.0/junit-jupiter-api-5.5.0.jar:/root/.m2/repository/org/apiguardian/apiguardian-api/1.1.0/apiguardian-api-1.1.0.jar:/root/.m2/repository/org/opentest4j/opentest4j/1.2.0/opentest4j-1.2.0.jar:/root/.m2/repository/org/junit/platform/junit-platform-commons/1.5.0/junit-platform-commons-1.5.0.jar:/root/.m2/repository/org/junit/jupiter/junit-jupiter-params/5.5.0/junit-jupiter-params-5.5.0.jar:/root/.m2/repository/org/junit/jupiter/junit-jupiter-engine/5.5.0/junit-jupiter-engine-5.5.0.jar:/root/.m2/repository/org/junit/platform/junit-platform-engine/1.5.0/junit-platform-engine-1.5.0.jar:/root/.m2/repository/io/quarkus/quarkus-core/0.20.0/quarkus-core-0.20.0.jar:/root/.m2/repository/javax/inject/javax.inject/1/javax.inject-1.jar:/root/.m2/repository/javax/annotation/javax.annotation-api/1.3.2/javax.annotation-api-1.3.2.jar:/root/.m2/repository/io/smallrye/smallrye-config/1.3.5/smallrye-config-1.3.5.jar:/root/.m2/repository/org/eclipse/microprofile/config/microprofile-config-api/1.3/microprofile-config-api-1.3.jar:/root/.m2/repository/org/osgi/org.osgi.annotation.versioning/1.0.0/org.osgi.annotation.versioning-1.0.0.jar:/root/.m2/repository/org/jboss/logmanager/jboss-logmanager-embedded/1.0.3/jboss-logmanager-embedded-1.0.3.jar:/root/.m2/repository/org/jboss/logging/jboss-logging-annotations/2.1.0.Final/jboss-logging-annotations-2.1.0.Final.jar:/root/.m2/repository/org/jboss/threads/jboss-threads/3.0.0.Beta5/jboss-threads-3.0.0.Beta5.jar:/root/.m2/repository/org/slf4j/slf4j-api/1.7.25/slf4j-api-1.7.25.jar:/root/.m2/repository/org/jboss/slf4j/slf4j-jboss-logging/1.2.0.Final/slf4j-jboss-logging-1.2.0.Final.jar:/root/.m2/repository/org/graalvm/sdk/graal-sdk/19.1.1/graal-sdk-19.1.1.jar:/root/.m2/repository/org/wildfly/common/wildfly-common/1.5.0.Final-format-001/wildfly-common-1.5.0.Final-format-001.jar:/root/.m2/repository/org/wildfly/security/wildfly-elytron-ssl/2.0.0.Alpha4/wildfly-elytron-ssl-2.0.0.Alpha4.jar:/root/.m2/repository/org/wildfly/security/wildfly-elytron-auth-server/2.0.0.Alpha4/wildfly-elytron-auth-server-2.0.0.Alpha4.jar:/root/.m2/repository/org/wildfly/security/wildfly-elytron-permission/2.0.0.Alpha4/wildfly-elytron-permission-2.0.0.Alpha4.jar:/root/.m2/repository/org/wildfly/security/wildfly-elytron-base/2.0.0.Alpha4/wildfly-elytron-base-2.0.0.Alpha4.jar:/root/.m2/repository/org/wildfly/security/wildfly-elytron-credential/2.0.0.Alpha4/wildfly-elytron-credential-2.0.0.Alpha4.jar:/root/.m2/repository/org/wildfly/security/wildfly-elytron-keystore/2.0.0.Alpha4/wildfly-elytron-keystore-2.0.0.Alpha4.jar:/root/.m2/repository/org/wildfly/security/wildfly-elytron-provider-util/2.0.0.Alpha4/wildfly-elytron-provider-util-2.0.0.Alpha4.jar:/root/.m2/repository/org/wildfly/security/wildfly-elytron-auth/2.0.0.Alpha4/wildfly-elytron-auth-2.0.0.Alpha4.jar:/root/.m2/repository/org/wildfly/security/wildfly-elytron-util/2.0.0.Alpha4/wildfly-elytron-util-2.0.0.Alpha4.jar:/root/.m2/repository/org/wildfly/security/wildfly-elytron-x500/2.0.0.Alpha4/wildfly-elytron-x500-2.0.0.Alpha4.jar:/root/.m2/repository/org/wildfly/security/wildfly-elytron-x500-cert/2.0.0.Alpha4/wildfly-elytron-x500-cert-2.0.0.Alpha4.jar:/root/.m2/repository/org/wildfly/security/wildfly-elytron-asn1/2.0.0.Alpha4/wildfly-elytron-asn1-2.0.0.Alpha4.jar:/root/.m2/repository/org/wildfly/security/wildfly-elytron-x500-cert-util/2.0.0.Alpha4/wildfly-elytron-x500-cert-util-2.0.0.Alpha4.jar:/root/.m2/repository/io/rest-assured/rest-assured/3.3.0/rest-assured-3.3.0.jar:/root/.m2/repository/org/codehaus/groovy/groovy/2.4.15/groovy-2.4.15.jar:/root/.m2/repository/org/codehaus/groovy/groovy-xml/2.4.15/groovy-xml-2.4.15.jar:/root/.m2/repository/org/apache/httpcomponents/httpclient/4.5.9/httpclient-4.5.9.jar:/root/.m2/repository/org/apache/httpcomponents/httpcore/4.4.11/httpcore-4.4.11.jar:/root/.m2/repository/commons-logging/commons-logging/1.2/commons-logging-1.2.jar:/root/.m2/repository/commons-codec/commons-codec/1.11/commons-codec-1.11.jar:/root/.m2/repository/org/apache/httpcomponents/httpmime/4.5.3/httpmime-4.5.3.jar:/root/.m2/repository/org/hamcrest/hamcrest-core/1.3/hamcrest-core-1.3.jar:/root/.m2/repository/org/hamcrest/hamcrest-library/1.3/hamcrest-library-1.3.jar:/root/.m2/repository/org/ccil/cowan/tagsoup/tagsoup/1.2.1/tagsoup-1.2.1.jar:/root/.m2/repository/io/rest-assured/json-path/3.3.0/json-path-3.3.0.jar:/root/.m2/repository/org/codehaus/groovy/groovy-json/2.4.15/groovy-json-2.4.15.jar:/root/.m2/repository/io/rest-assured/rest-assured-common/3.3.0/rest-assured-common-3.3.0.jar:/root/.m2/repository/io/rest-assured/xml-path/3.3.0/xml-path-3.3.0.jar:/root/.m2/repository/org/apache/commons/commons-lang3/3.8.1/commons-lang3-3.8.1.jar:/root/.m2/repository/javax/xml/bind/jaxb-api/2.3.1/jaxb-api-2.3.1.jar:/root/.m2/repository/org/apache/sling/org.apache.sling.javax.activation/0.1.0/org.apache.sling.javax.activation-0.1.0.jar:"/>
    <property name="java.vm.vendor" value="Eclipse OpenJ9"/>
    <property name="com.ibm.zero.version" value="2"/>
    <property name="sun.arch.data.model" value="64"/>
    <property name="com.ibm.vm.bitmode" value="64"/>
    <property name="user.variant" value=""/>
    <property name="com.ibm.oti.vm.library.version" value="29"/>
    <property name="java.vendor.url" value="http://www.eclipse.org/openj9"/>
    <property name="user.timezone" value=""/>
    <property name="os.name" value="Linux"/>
    <property name="java.vm.specification.version" value="1.8"/>
    <property name="sun.java.launcher" value="SUN_STANDARD"/>
    <property name="user.country" value="US"/>
    <property name="sun.boot.library.path" value="/root/builds/openj9/jdk8u222-b10/jre/lib/amd64/compressedrefs:/root/builds/openj9/jdk8u222-b10/jre/lib/amd64"/>
    <property name="sun.java.command" value="/root/quarkus/target/surefire/surefirebooter7117150621157204013.jar /root/quarkus/target/surefire 2019-08-27T05-54-30_928-jvmRun1 surefire3664432491092179790tmp surefire_03696332253868526302tmp"/>
    <property name="surefire.test.class.path" value="/root/quarkus/target/test-classes:/root/quarkus/target/classes:/root/.m2/repository/io/quarkus/quarkus-resteasy/0.20.0/quarkus-resteasy-0.20.0.jar:/root/.m2/repository/io/quarkus/quarkus-undertow/0.20.0/quarkus-undertow-0.20.0.jar:/root/.m2/repository/io/quarkus/quarkus-arc/0.20.0/quarkus-arc-0.20.0.jar:/root/.m2/repository/io/quarkus/arc/arc/0.20.0/arc-0.20.0.jar:/root/.m2/repository/io/undertow/undertow-servlet/2.0.21.Final/undertow-servlet-2.0.21.Final.jar:/root/.m2/repository/io/undertow/undertow-core/2.0.21.Final/undertow-core-2.0.21.Final.jar:/root/.m2/repository/org/jboss/spec/javax/servlet/jboss-servlet-api_4.0_spec/1.0.0.Final/jboss-servlet-api_4.0_spec-1.0.0.Final.jar:/root/.m2/repository/org/jboss/xnio/xnio-nio/3.7.2.Final/xnio-nio-3.7.2.Final.jar:/root/.m2/repository/org/jboss/xnio/xnio-api/3.7.2.Final/xnio-api-3.7.2.Final.jar:/root/.m2/repository/org/eclipse/microprofile/context-propagation/microprofile-context-propagation-api/1.0-RC1/microprofile-context-propagation-api-1.0-RC1.jar:/root/.m2/repository/javax/enterprise/cdi-api/2.0.SP1/cdi-api-2.0.SP1.jar:/root/.m2/repository/javax/el/javax.el-api/3.0.0/javax.el-api-3.0.0.jar:/root/.m2/repository/javax/interceptor/javax.interceptor-api/1.2/javax.interceptor-api-1.2.jar:/root/.m2/repository/io/quarkus/quarkus-resteasy-server-common/0.20.0/quarkus-resteasy-server-common-0.20.0.jar:/root/.m2/repository/io/quarkus/quarkus-resteasy-common/0.20.0/quarkus-resteasy-common-0.20.0.jar:/root/.m2/repository/org/jboss/resteasy/resteasy-core/4.1.1.Final/resteasy-core-4.1.1.Final.jar:/root/.m2/repository/org/jboss/spec/javax/ws/rs/jboss-jaxrs-api_2.1_spec/1.0.2.Final/jboss-jaxrs-api_2.1_spec-1.0.2.Final.jar:/root/.m2/repository/org/jboss/spec/javax/xml/bind/jboss-jaxb-api_2.3_spec/1.0.1.Final/jboss-jaxb-api_2.3_spec-1.0.1.Final.jar:/root/.m2/repository/org/jboss/resteasy/resteasy-core-spi/4.1.1.Final/resteasy-core-spi-4.1.1.Final.jar:/root/.m2/repository/org/reactivestreams/reactive-streams/1.0.2/reactive-streams-1.0.2.jar:/root/.m2/repository/org/jboss/resteasy/resteasy-context-propagation/4.1.1.Final/resteasy-context-propagation-4.1.1.Final.jar:/root/.m2/repository/io/smallrye/smallrye-context-propagation/1.0.7/smallrye-context-propagation-1.0.7.jar:/root/.m2/repository/io/smallrye/smallrye-context-propagation-api/1.0.7/smallrye-context-propagation-api-1.0.7.jar:/root/.m2/repository/com/sun/activation/jakarta.activation/1.2.1/jakarta.activation-1.2.1.jar:/root/.m2/repository/javax/validation/validation-api/2.0.1.Final/validation-api-2.0.1.Final.jar:/root/.m2/repository/io/quarkus/quarkus-jaxb/0.20.0/quarkus-jaxb-0.20.0.jar:/root/.m2/repository/io/quarkus/quarkus-junit5/0.20.0/quarkus-junit5-0.20.0.jar:/root/.m2/repository/io/quarkus/quarkus-bootstrap-core/0.20.0/quarkus-bootstrap-core-0.20.0.jar:/root/.m2/repository/org/apache/maven/maven-embedder/3.5.4/maven-embedder-3.5.4.jar:/root/.m2/repository/org/apache/maven/maven-settings/3.5.4/maven-settings-3.5.4.jar:/root/.m2/repository/org/apache/maven/maven-core/3.5.4/maven-core-3.5.4.jar:/root/.m2/repository/org/apache/maven/maven-artifact/3.5.4/maven-artifact-3.5.4.jar:/root/.m2/repository/org/apache/maven/maven-plugin-api/3.5.4/maven-plugin-api-3.5.4.jar:/root/.m2/repository/org/apache/maven/maven-model/3.5.4/maven-model-3.5.4.jar:/root/.m2/repository/org/apache/maven/maven-model-builder/3.5.4/maven-model-builder-3.5.4.jar:/root/.m2/repository/org/apache/maven/maven-builder-support/3.5.4/maven-builder-support-3.5.4.jar:/root/.m2/repository/org/apache/maven/resolver/maven-resolver-api/1.1.1/maven-resolver-api-1.1.1.jar:/root/.m2/repository/org/apache/maven/resolver/maven-resolver-util/1.1.1/maven-resolver-util-1.1.1.jar:/root/.m2/repository/org/apache/maven/shared/maven-shared-utils/3.2.1/maven-shared-utils-3.2.1.jar:/root/.m2/repository/commons-io/commons-io/2.5/commons-io-2.5.jar:/root/.m2/repository/com/google/inject/guice/4.2.0/guice-4.2.0-no_aop.jar:/root/.m2/repository/aopalliance/aopalliance/1.0/aopalliance-1.0.jar:/root/.m2/repository/com/google/guava/guava/27.0.1-jre/guava-27.0.1-jre.jar:/root/.m2/repository/com/google/guava/failureaccess/1.0.1/failureaccess-1.0.1.jar:/root/.m2/repository/com/google/guava/listenablefuture/9999.0-empty-to-avoid-conflict-with-guava/listenablefuture-9999.0-empty-to-avoid-conflict-with-guava.jar:/root/.m2/repository/com/google/code/findbugs/jsr305/3.0.2/jsr305-3.0.2.jar:/root/.m2/repository/org/checkerframework/checker-qual/2.5.2/checker-qual-2.5.2.jar:/root/.m2/repository/com/google/errorprone/error_prone_annotations/2.2.0/error_prone_annotations-2.2.0.jar:/root/.m2/repository/com/google/j2objc/j2objc-annotations/1.1/j2objc-annotations-1.1.jar:/root/.m2/repository/org/codehaus/mojo/animal-sniffer-annotations/1.17/animal-sniffer-annotations-1.17.jar:/root/.m2/repository/javax/annotation/jsr250-api/1.0/jsr250-api-1.0.jar:/root/.m2/repository/org/codehaus/plexus/plexus-utils/3.0.24/plexus-utils-3.0.24.jar:/root/.m2/repository/org/codehaus/plexus/plexus-classworlds/2.5.2/plexus-classworlds-2.5.2.jar:/root/.m2/repository/org/eclipse/sisu/org.eclipse.sisu.plexus/0.3.3/org.eclipse.sisu.plexus-0.3.3.jar:/root/.m2/repository/org/codehaus/plexus/plexus-component-annotations/1.7.1/plexus-component-annotations-1.7.1.jar:/root/.m2/repository/commons-cli/commons-cli/1.4/commons-cli-1.4.jar:/root/.m2/repository/org/apache/maven/maven-settings-builder/3.5.4/maven-settings-builder-3.5.4.jar:/root/.m2/repository/org/codehaus/plexus/plexus-interpolation/1.24/plexus-interpolation-1.24.jar:/root/.m2/repository/org/sonatype/plexus/plexus-sec-dispatcher/1.4/plexus-sec-dispatcher-1.4.jar:/root/.m2/repository/org/sonatype/plexus/plexus-cipher/1.4/plexus-cipher-1.4.jar:/root/.m2/repository/org/apache/maven/maven-resolver-provider/3.5.4/maven-resolver-provider-3.5.4.jar:/root/.m2/repository/org/apache/maven/maven-repository-metadata/3.5.4/maven-repository-metadata-3.5.4.jar:/root/.m2/repository/org/apache/maven/resolver/maven-resolver-spi/1.1.1/maven-resolver-spi-1.1.1.jar:/root/.m2/repository/org/apache/maven/resolver/maven-resolver-impl/1.1.1/maven-resolver-impl-1.1.1.jar:/root/.m2/repository/org/apache/maven/resolver/maven-resolver-connector-basic/1.1.1/maven-resolver-connector-basic-1.1.1.jar:/root/.m2/repository/org/apache/maven/resolver/maven-resolver-transport-file/1.1.1/maven-resolver-transport-file-1.1.1.jar:/root/.m2/repository/org/apache/maven/resolver/maven-resolver-transport-http/1.1.1/maven-resolver-transport-http-1.1.1.jar:/root/.m2/repository/org/slf4j/jcl-over-slf4j/1.7.25/jcl-over-slf4j-1.7.25.jar:/root/.m2/repository/org/jboss/logging/jboss-logging/3.3.2.Final/jboss-logging-3.3.2.Final.jar:/root/.m2/repository/io/quarkus/quarkus-test-common/0.20.0/quarkus-test-common-0.20.0.jar:/root/.m2/repository/io/quarkus/quarkus-core-deployment/0.20.0/quarkus-core-deployment-0.20.0.jar:/root/.m2/repository/commons-beanutils/commons-beanutils/1.9.3/commons-beanutils-1.9.3.jar:/root/.m2/repository/commons-collections/commons-collections/3.2.2/commons-collections-3.2.2.jar:/root/.m2/repository/org/jboss/invocation/jboss-invocation/1.5.2.Final/jboss-invocation-1.5.2.Final.jar:/root/.m2/repository/org/jboss/classfilewriter/jboss-classfilewriter/1.2.4.Final/jboss-classfilewriter-1.2.4.Final.jar:/root/.m2/repository/io/quarkus/gizmo/gizmo/1.0.0.Alpha6/gizmo-1.0.0.Alpha6.jar:/root/.m2/repository/org/ow2/asm/asm-util/7.1/asm-util-7.1.jar:/root/.m2/repository/org/ow2/asm/asm-tree/7.1/asm-tree-7.1.jar:/root/.m2/repository/org/ow2/asm/asm-analysis/7.1/asm-analysis-7.1.jar:/root/.m2/repository/org/ow2/asm/asm/7.1/asm-7.1.jar:/root/.m2/repository/io/quarkus/quarkus-builder/0.20.0/quarkus-builder-0.20.0.jar:/root/.m2/repository/io/quarkus/quarkus-jsonp-deployment/0.20.0/quarkus-jsonp-deployment-0.20.0.jar:/root/.m2/repository/io/quarkus/quarkus-jsonp/0.20.0/quarkus-jsonp-0.20.0.jar:/root/.m2/repository/org/glassfish/javax.json/1.1.4/javax.json-1.1.4.jar:/root/.m2/repository/org/jboss/jandex/2.1.1.Final/jandex-2.1.1.Final.jar:/root/.m2/repository/org/junit/jupiter/junit-jupiter-api/5.5.0/junit-jupiter-api-5.5.0.jar:/root/.m2/repository/org/apiguardian/apiguardian-api/1.1.0/apiguardian-api-1.1.0.jar:/root/.m2/repository/org/opentest4j/opentest4j/1.2.0/opentest4j-1.2.0.jar:/root/.m2/repository/org/junit/platform/junit-platform-commons/1.5.0/junit-platform-commons-1.5.0.jar:/root/.m2/repository/org/junit/jupiter/junit-jupiter-params/5.5.0/junit-jupiter-params-5.5.0.jar:/root/.m2/repository/org/junit/jupiter/junit-jupiter-engine/5.5.0/junit-jupiter-engine-5.5.0.jar:/root/.m2/repository/org/junit/platform/junit-platform-engine/1.5.0/junit-platform-engine-1.5.0.jar:/root/.m2/repository/io/quarkus/quarkus-core/0.20.0/quarkus-core-0.20.0.jar:/root/.m2/repository/javax/inject/javax.inject/1/javax.inject-1.jar:/root/.m2/repository/javax/annotation/javax.annotation-api/1.3.2/javax.annotation-api-1.3.2.jar:/root/.m2/repository/io/smallrye/smallrye-config/1.3.5/smallrye-config-1.3.5.jar:/root/.m2/repository/org/eclipse/microprofile/config/microprofile-config-api/1.3/microprofile-config-api-1.3.jar:/root/.m2/repository/org/osgi/org.osgi.annotation.versioning/1.0.0/org.osgi.annotation.versioning-1.0.0.jar:/root/.m2/repository/org/jboss/logmanager/jboss-logmanager-embedded/1.0.3/jboss-logmanager-embedded-1.0.3.jar:/root/.m2/repository/org/jboss/logging/jboss-logging-annotations/2.1.0.Final/jboss-logging-annotations-2.1.0.Final.jar:/root/.m2/repository/org/jboss/threads/jboss-threads/3.0.0.Beta5/jboss-threads-3.0.0.Beta5.jar:/root/.m2/repository/org/slf4j/slf4j-api/1.7.25/slf4j-api-1.7.25.jar:/root/.m2/repository/org/jboss/slf4j/slf4j-jboss-logging/1.2.0.Final/slf4j-jboss-logging-1.2.0.Final.jar:/root/.m2/repository/org/graalvm/sdk/graal-sdk/19.1.1/graal-sdk-19.1.1.jar:/root/.m2/repository/org/wildfly/common/wildfly-common/1.5.0.Final-format-001/wildfly-common-1.5.0.Final-format-001.jar:/root/.m2/repository/org/wildfly/security/wildfly-elytron-ssl/2.0.0.Alpha4/wildfly-elytron-ssl-2.0.0.Alpha4.jar:/root/.m2/repository/org/wildfly/security/wildfly-elytron-auth-server/2.0.0.Alpha4/wildfly-elytron-auth-server-2.0.0.Alpha4.jar:/root/.m2/repository/org/wildfly/security/wildfly-elytron-permission/2.0.0.Alpha4/wildfly-elytron-permission-2.0.0.Alpha4.jar:/root/.m2/repository/org/wildfly/security/wildfly-elytron-base/2.0.0.Alpha4/wildfly-elytron-base-2.0.0.Alpha4.jar:/root/.m2/repository/org/wildfly/security/wildfly-elytron-credential/2.0.0.Alpha4/wildfly-elytron-credential-2.0.0.Alpha4.jar:/root/.m2/repository/org/wildfly/security/wildfly-elytron-keystore/2.0.0.Alpha4/wildfly-elytron-keystore-2.0.0.Alpha4.jar:/root/.m2/repository/org/wildfly/security/wildfly-elytron-provider-util/2.0.0.Alpha4/wildfly-elytron-provider-util-2.0.0.Alpha4.jar:/root/.m2/repository/org/wildfly/security/wildfly-elytron-auth/2.0.0.Alpha4/wildfly-elytron-auth-2.0.0.Alpha4.jar:/root/.m2/repository/org/wildfly/security/wildfly-elytron-util/2.0.0.Alpha4/wildfly-elytron-util-2.0.0.Alpha4.jar:/root/.m2/repository/org/wildfly/security/wildfly-elytron-x500/2.0.0.Alpha4/wildfly-elytron-x500-2.0.0.Alpha4.jar:/root/.m2/repository/org/wildfly/security/wildfly-elytron-x500-cert/2.0.0.Alpha4/wildfly-elytron-x500-cert-2.0.0.Alpha4.jar:/root/.m2/repository/org/wildfly/security/wildfly-elytron-asn1/2.0.0.Alpha4/wildfly-elytron-asn1-2.0.0.Alpha4.jar:/root/.m2/repository/org/wildfly/security/wildfly-elytron-x500-cert-util/2.0.0.Alpha4/wildfly-elytron-x500-cert-util-2.0.0.Alpha4.jar:/root/.m2/repository/io/rest-assured/rest-assured/3.3.0/rest-assured-3.3.0.jar:/root/.m2/repository/org/codehaus/groovy/groovy/2.4.15/groovy-2.4.15.jar:/root/.m2/repository/org/codehaus/groovy/groovy-xml/2.4.15/groovy-xml-2.4.15.jar:/root/.m2/repository/org/apache/httpcomponents/httpclient/4.5.9/httpclient-4.5.9.jar:/root/.m2/repository/org/apache/httpcomponents/httpcore/4.4.11/httpcore-4.4.11.jar:/root/.m2/repository/commons-logging/commons-logging/1.2/commons-logging-1.2.jar:/root/.m2/repository/commons-codec/commons-codec/1.11/commons-codec-1.11.jar:/root/.m2/repository/org/apache/httpcomponents/httpmime/4.5.3/httpmime-4.5.3.jar:/root/.m2/repository/org/hamcrest/hamcrest-core/1.3/hamcrest-core-1.3.jar:/root/.m2/repository/org/hamcrest/hamcrest-library/1.3/hamcrest-library-1.3.jar:/root/.m2/repository/org/ccil/cowan/tagsoup/tagsoup/1.2.1/tagsoup-1.2.1.jar:/root/.m2/repository/io/rest-assured/json-path/3.3.0/json-path-3.3.0.jar:/root/.m2/repository/org/codehaus/groovy/groovy-json/2.4.15/groovy-json-2.4.15.jar:/root/.m2/repository/io/rest-assured/rest-assured-common/3.3.0/rest-assured-common-3.3.0.jar:/root/.m2/repository/io/rest-assured/xml-path/3.3.0/xml-path-3.3.0.jar:/root/.m2/repository/org/apache/commons/commons-lang3/3.8.1/commons-lang3-3.8.1.jar:/root/.m2/repository/javax/xml/bind/jaxb-api/2.3.1/jaxb-api-2.3.1.jar:/root/.m2/repository/org/apache/sling/org.apache.sling.javax.activation/0.1.0/org.apache.sling.javax.activation-0.1.0.jar:"/>
    <property name="sun.cpu.endian" value="little"/>
    <property name="user.home" value="/root"/>
    <property name="user.language" value="en"/>
    <property name="java.specification.vendor" value="Oracle Corporation"/>
    <property name="java.home" value="/root/builds/openj9/jdk8u222-b10/jre"/>
    <property name="ibm.signalhandling.rs" value="false"/>
    <property name="file.separator" value="/"/>
    <property name="jdk.extensions.name" value="Extensions for OpenJDK for Eclipse OpenJ9"/>
    <property name="basedir" value="/root/quarkus"/>
    <property name="line.separator" value="&#10;"/>
    <property name="java.vm.specification.vendor" value="Oracle Corporation"/>
    <property name="java.specification.name" value="Java Platform API Specification"/>
    <property name="java.compiler" value="j9jit29"/>
    <property name="com.ibm.util.extralibs.properties" value=""/>
    <property name="sun.java.launcher.pid" value="3605"/>
    <property name="java.awt.graphicsenv" value="sun.awt.X11GraphicsEnvironment"/>
    <property name="com.ibm.oti.configuration" value="scar"/>
    <property name="java.awt.fonts" value=""/>
    <property name="surefire.real.class.path" value="/root/quarkus/target/surefire/surefirebooter7117150621157204013.jar"/>
    <property name="com.ibm.oti.shared.enabled" value="false"/>
    <property name="sun.boot.class.path" value="/root/builds/openj9/jdk8u222-b10/jre/lib/amd64/compressedrefs/jclSC180/vm.jar:/root/builds/openj9/jdk8u222-b10/jre/lib/se-service.jar:/root/builds/openj9/jdk8u222-b10/jre/lib/rt.jar:/root/builds/openj9/jdk8u222-b10/jre/lib/resources.jar:/root/builds/openj9/jdk8u222-b10/jre/lib/jsse.jar:/root/builds/openj9/jdk8u222-b10/jre/lib/charsets.jar:/root/builds/openj9/jdk8u222-b10/jre/lib/jce.jar"/>
    <property name="com.ibm.oti.vm.bootstrap.library.path" value="/root/builds/openj9/jdk8u222-b10/jre/lib/amd64/compressedrefs:/root/builds/openj9/jdk8u222-b10/jre/lib/amd64"/>
    <property name="com.ibm.cpu.endian" value="little"/>
    <property name="java.fullversion" value="1.8.0_222-b10&#10;JRE 1.8.0 Linux amd64-64-Bit Compressed References 20190717_368 (JIT enabled, AOT enabled)&#10;OpenJ9   - 0f66c6431&#10;OMR      - ec782f26&#10;JCL      - f147086df1e based on jdk8u222-b10"/>
    <property name="java.runtime.version" value="1.8.0_222-b10"/>
    <property name="user.name" value="root"/>
    <property name="path.separator" value=":"/>
    <property name="os.version" value="4.15.0-52-generic"/>
    <property name="java.endorsed.dirs" value="/root/builds/openj9/jdk8u222-b10/jre/lib/endorsed"/>
    <property name="java.runtime.name" value="OpenJDK Runtime Environment"/>
    <property name="ibm.signalhandling.sigint" value="true"/>
    <property name="file.encoding" value="UTF-8"/>
    <property name="java.vm.name" value="Eclipse OpenJ9 VM"/>
    <property name="ibm.signalhandling.sigchain" value="true"/>
    <property name="localRepository" value="/root/.m2/repository"/>
    <property name="java.io.tmpdir" value="/tmp"/>
    <property name="java.version" value="1.8.0_222"/>
    <property name="com.ibm.system.agent.path" value="/root/builds/openj9/jdk8u222-b10/jre/lib/amd64"/>
    <property name="user.dir" value="/root/quarkus"/>
    <property name="os.arch" value="amd64"/>
    <property name="java.vm.specification.name" value="Java Virtual Machine Specification"/>
    <property name="java.awt.printerjob" value="sun.print.PSPrinterJob"/>
    <property name="os.encoding" value="UTF-8"/>
    <property name="java.util.logging.manager" value="org.jboss.logmanager.LogManager"/>
    <property name="java.library.path" value="/root/builds/openj9/jdk8u222-b10/jre/lib/amd64/compressedrefs:/root/builds/openj9/jdk8u222-b10/jre/lib/amd64:/usr/lib64:/usr/lib"/>
    <property name="java.vendor" value="Eclipse OpenJ9"/>
    <property name="java.vm.info" value="JRE 1.8.0 Linux amd64-64-Bit Compressed References 20190717_368 (JIT enabled, AOT enabled)&#10;OpenJ9   - 0f66c6431&#10;OMR      - ec782f26&#10;JCL      - f147086df1e based on jdk8u222-b10"/>
    <property name="java.vm.version" value="openj9-0.15.1"/>
    <property name="com.ibm.jcl.checkClassPath" value=""/>
    <property name="ibm.system.encoding" value="UTF-8"/>
    <property name="sun.io.unicode.encoding" value="UnicodeLittle"/>
    <property name="java.ext.dirs" value="/root/builds/openj9/jdk8u222-b10/jre/lib/ext"/>
    <property name="java.class.version" value="52.0"/>
  </properties>
  <testcase name="testHelloEndpoint" classname="org.acme.quickstart.GreetingResourceTest" time="1.432"/>
</testsuite>